\BOOKMARK [1][-]{section.1}{Pre\342mbulo}{}% 1
\BOOKMARK [1][-]{section.2}{Documenta\347\343o}{}% 2
\BOOKMARK [1][-]{section.3}{Como realizar o trabalho}{}% 3
\BOOKMARK [1][-]{section.4}{Parte A}{}% 4
\BOOKMARK [2][-]{subsection.4.1}{Biblioteca LTree}{section.4}% 5
\BOOKMARK [2][-]{subsection.4.2}{Biblioteca BTree}{section.4}% 6
\BOOKMARK [2][-]{subsection.4.3}{Biblioteca para listas com sentinelas}{section.4}% 7
\BOOKMARK [1][-]{section.5}{Parte B}{}% 8
\BOOKMARK [2][-]{subsection.5.1}{Cria\347\343o de Tri\342ngulos de Sierpinski}{section.5}% 9
\BOOKMARK [2][-]{subsection.5.2}{Trabalho a realizar}{section.5}% 10
\BOOKMARK [1][-]{section.6}{Parte C}{}% 11
\BOOKMARK [2][-]{subsection.6.1}{M\363nades}{section.6}% 12
\BOOKMARK [2][-]{subsection.6.2}{Trabalho a realizar}{section.6}% 13
\BOOKMARK [2][-]{subsection.6.3}{Programa\347\343o funcional paralela}{section.6}% 14
\BOOKMARK [2][-]{subsection.6.4}{Trabalho a realizar}{section.6}% 15
\BOOKMARK [1][-]{appendix.A}{Programa principal}{}% 16
\BOOKMARK [1][-]{appendix.B}{Bibliotecas e c\363digo auxiliar}{}% 17
\BOOKMARK [2][-]{subsection.B.1}{``Easy X3DOM access''}{appendix.B}% 18
\BOOKMARK [1][-]{appendix.C}{Solu\347\365es propostas}{}% 19
\BOOKMARK [2][-]{subsubsection.C.0.1}{Fun\347\343o depth:}{appendix.C}% 20
\BOOKMARK [3][-]{subsubsection.C.0.2}{Fun\347\343o balance:}{subsubsection.C.0.1}% 21
\BOOKMARK [3][-]{subsubsection.C.0.3}{Fun\347\343o qsplit:}{subsubsection.C.0.1}% 22
\BOOKMARK [3][-]{subsubsection.C.0.4}{Fun\347\365es base da SList:}{subsubsection.C.0.1}% 23
\BOOKMARK [3][-]{subsubsection.C.0.5}{Fun\347\343o mgen:}{subsubsection.C.0.1}% 24
\BOOKMARK [3][-]{subsubsection.C.0.6}{Fun\347\365es base de TLTree:}{subsubsection.C.0.1}% 25
\BOOKMARK [3][-]{subsubsection.C.0.7}{Fun\347\365es tips, count, depth e inv da TLTree:}{subsubsection.C.0.1}% 26
\BOOKMARK [3][-]{subsubsection.C.0.8}{Fun\347\365es gera, geraSierp e apresentaSierp:}{subsubsection.C.0.1}% 27
\BOOKMARK [3][-]{subsubsection.C.0.9}{Fun\347\343o rep e draw:}{subsubsection.C.0.1}% 28
